This file contains any messages produced by compilers while
running configure, to aid debugging if configure makes a mistake.

It was created by readline configure 8.2, which was
generated by GNU Autoconf 2.71.  Invocation command line was

  $ ./configure --prefix=/Users/surpetro/Desktop/prosto_minishell/libraries/readline

## --------- ##
## Platform. ##
## --------- ##

hostname = c1r1s4.42yerevan.am
uname -m = x86_64
uname -r = 18.7.0
uname -s = Darwin
uname -v = Darwin Kernel Version 18.7.0: Tue Aug 20 16:57:14 PDT 2019; root:xnu-4903.271.2~2/RELEASE_X86_64

/usr/bin/uname -p = i386
/bin/uname -X     = unknown

/bin/arch              = unknown
/usr/bin/arch -k       = unknown
/usr/convex/getsysinfo = unknown
/usr/bin/hostinfo      = Mach kernel version:
	 Darwin Kernel Version 18.7.0: Tue Aug 20 16:57:14 PDT 2019; root:xnu-4903.271.2~2/RELEASE_X86_64
Kernel configured for up to 6 processors.
6 processors are physically available.
6 processors are logically available.
Processor type: x86_64h (Intel x86-64h Haswell)
Processors active: 0 1 2 3 4 5
Primary memory available: 8.00 gigabytes
Default processor set: 308 tasks, 1675 threads, 6 processors
Load average: 2.45, Mach factor: 3.54
/bin/machine           = unknown
/usr/bin/oslevel       = unknown
/bin/universe          = unknown

PATH: /usr/local/bin/
PATH: /usr/bin/
PATH: /bin/
PATH: /usr/sbin/
PATH: /sbin/
PATH: /usr/local/munki/
PATH: /Library/Frameworks/Mono.framework/Versions/Current/Commands/


## ----------- ##
## Core tests. ##
## ----------- ##

configure:2751: looking for aux files: install-sh config.guess config.sub
configure:2764:  trying ././support/
configure:2778:   ././support/install.sh found
configure:2793:   ././support/config.guess found
configure:2793:   ././support/config.sub found
configure:2921: checking build system type
configure:2936: result: x86_64-apple-darwin18.7.0
configure:2956: checking host system type
configure:2970: result: x86_64-apple-darwin18.7.0
configure:3097: checking whether make sets $(MAKE)
configure:3120: result: yes
configure:3191: checking for gcc
configure:3212: found /usr/bin/gcc
configure:3223: result: gcc
configure:3576: checking for C compiler version
configure:3585: gcc --version >&5

## ---------------- ##
## Cache variables. ##
## ---------------- ##

ac_cv_build=x86_64-apple-darwin18.7.0
ac_cv_env_CC_set=
ac_cv_env_CC_value=
ac_cv_env_CFLAGS_set=
ac_cv_env_CFLAGS_value=
ac_cv_env_CPPFLAGS_set=
ac_cv_env_CPPFLAGS_value=
ac_cv_env_CPP_set=
ac_cv_env_CPP_value=
ac_cv_env_LDFLAGS_set=
ac_cv_env_LDFLAGS_value=
ac_cv_env_LIBS_set=
ac_cv_env_LIBS_value=
ac_cv_env_build_alias_set=
ac_cv_env_build_alias_value=
ac_cv_env_host_alias_set=
ac_cv_env_host_alias_value=
ac_cv_env_target_alias_set=
ac_cv_env_target_alias_value=
ac_cv_host=x86_64-apple-darwin18.7.0
ac_cv_prog_ac_ct_CC=gcc
ac_cv_prog_make_make_set=yes

## ----------------- ##
## Output variables. ##
## ----------------- ##

AR=''
ARFLAGS=''
BRACKETED_PASTE='-DBRACKETED_PASTE_DEFAULT=1'
BUILD_DIR=''
CC='gcc'
CFLAGS=''
CPP=''
CPPFLAGS=''
CROSS_COMPILE=''
DEFS=''
ECHO_C='\c'
ECHO_N=''
ECHO_T=''
EGREP=''
EXAMPLES_INSTALL_TARGET=''
EXEEXT=''
GREP=''
INSTALL_DATA=''
INSTALL_PROGRAM=''
INSTALL_SCRIPT=''
LDFLAGS=''
LIBOBJS=''
LIBS=''
LIBVERSION='8.2'
LOCAL_CFLAGS=''
LOCAL_DEFS=''
LOCAL_LDFLAGS=''
LTLIBOBJS=''
MAKE_SHELL=''
OBJEXT=''
PACKAGE_BUGREPORT='bug-readline@gnu.org'
PACKAGE_NAME='readline'
PACKAGE_STRING='readline 8.2'
PACKAGE_TARNAME='readline'
PACKAGE_URL=''
PACKAGE_VERSION='8.2'
PATH_SEPARATOR=':'
RANLIB=''
SET_MAKE=''
SHARED_INSTALL_TARGET=''
SHARED_TARGET=''
SHELL='/bin/sh'
SHLIB_DLLVERSION=''
SHLIB_DOT=''
SHLIB_LIBPREF=''
SHLIB_LIBS=''
SHLIB_LIBSUFF=''
SHLIB_LIBVERSION=''
SHLIB_MAJOR=''
SHLIB_MINOR=''
SHLIB_STATUS=''
SHLIB_XLDFLAGS=''
SHOBJ_CC=''
SHOBJ_CFLAGS=''
SHOBJ_LD=''
SHOBJ_LDFLAGS=''
SHOBJ_LIBS=''
SHOBJ_STATUS=''
SHOBJ_XLDFLAGS=''
STATIC_INSTALL_TARGET=''
STATIC_TARGET=''
TERMCAP_LIB=''
TERMCAP_PKG_CONFIG_LIB=''
ac_ct_CC='gcc'
bindir='${exec_prefix}/bin'
build='x86_64-apple-darwin18.7.0'
build_alias=''
build_cpu='x86_64'
build_os='darwin18.7.0'
build_vendor='apple'
datadir='${datarootdir}'
datarootdir='${prefix}/share'
docdir='${datarootdir}/doc/${PACKAGE_TARNAME}'
dvidir='${docdir}'
exec_prefix='NONE'
host='x86_64-apple-darwin18.7.0'
host_alias=''
host_cpu='x86_64'
host_os='darwin18.7.0'
host_vendor='apple'
htmldir='${docdir}'
includedir='${prefix}/include'
infodir='${datarootdir}/info'
libdir='${exec_prefix}/lib'
libexecdir='${exec_prefix}/libexec'
localedir='${datarootdir}/locale'
localstatedir='${prefix}/var'
mandir='${datarootdir}/man'
oldincludedir='/usr/include'
pdfdir='${docdir}'
prefix='/Users/surpetro/Desktop/prosto_minishell/libraries/readline'
program_transform_name='s,x,x,'
psdir='${docdir}'
runstatedir='${localstatedir}/run'
sbindir='${exec_prefix}/sbin'
sharedstatedir='${prefix}/com'
sysconfdir='${prefix}/etc'
target_alias=''

## ----------- ##
## confdefs.h. ##
## ----------- ##

/* confdefs.h */
#define PACKAGE_NAME "readline"
#define PACKAGE_TARNAME "readline"
#define PACKAGE_VERSION "8.2"
#define PACKAGE_STRING "readline 8.2"
#define PACKAGE_BUGREPORT "bug-readline@gnu.org"
#define PACKAGE_URL ""

configure: caught signal 2
configure: exit 1
